{"/app/src/index.js": {"path":"/app/src/index.js","statementMap":{"0":{"start":{"line":7,"column":0},"end":{"line":12,"column":2}},"1":{"start":{"line":17,"column":0},"end":{"line":17,"column":18}}},"fnMap":{},"branchMap":{},"s":{"0":0,"1":0},"f":{},"b":{}}
,"/app/src/reportWebVitals.js": {"path":"/app/src/reportWebVitals.js","statementMap":{"0":{"start":{"line":1,"column":24},"end":{"line":11,"column":1}},"1":{"start":{"line":2,"column":2},"end":{"line":10,"column":3}},"2":{"start":{"line":3,"column":4},"end":{"line":9,"column":7}},"3":{"start":{"line":4,"column":6},"end":{"line":4,"column":26}},"4":{"start":{"line":5,"column":6},"end":{"line":5,"column":26}},"5":{"start":{"line":6,"column":6},"end":{"line":6,"column":26}},"6":{"start":{"line":7,"column":6},"end":{"line":7,"column":26}},"7":{"start":{"line":8,"column":6},"end":{"line":8,"column":27}}},"fnMap":{"0":{"name":"(anonymous_0)","decl":{"start":{"line":1,"column":24},"end":{"line":1,"column":25}},"loc":{"start":{"line":1,"column":39},"end":{"line":11,"column":1}},"line":1},"1":{"name":"(anonymous_1)","decl":{"start":{"line":3,"column":30},"end":{"line":3,"column":31}},"loc":{"start":{"line":3,"column":79},"end":{"line":9,"column":5}},"line":3}},"branchMap":{"0":{"loc":{"start":{"line":2,"column":2},"end":{"line":10,"column":3}},"type":"if","locations":[{"start":{"line":2,"column":2},"end":{"line":10,"column":3}},{"start":{},"end":{}}],"line":2},"1":{"loc":{"start":{"line":2,"column":6},"end":{"line":2,"column":52}},"type":"binary-expr","locations":[{"start":{"line":2,"column":6},"end":{"line":2,"column":17}},{"start":{"line":2,"column":21},"end":{"line":2,"column":52}}],"line":2}},"s":{"0":0,"1":0,"2":0,"3":0,"4":0,"5":0,"6":0,"7":0},"f":{"0":0,"1":0},"b":{"0":[0,0],"1":[0,0]}}
,"/app/src/components/App.jsx": {"path":"/app/src/components/App.jsx","statementMap":{"0":{"start":{"line":8,"column":25},"end":{"line":8,"column":34}},"1":{"start":{"line":9,"column":30},"end":{"line":9,"column":42}},"2":{"start":{"line":10,"column":28},"end":{"line":10,"column":38}},"3":{"start":{"line":12,"column":22},"end":{"line":19,"column":3}},"4":{"start":{"line":13,"column":4},"end":{"line":18,"column":5}},"5":{"start":{"line":14,"column":23},"end":{"line":14,"column":52}},"6":{"start":{"line":15,"column":6},"end":{"line":15,"column":22}},"7":{"start":{"line":17,"column":6},"end":{"line":17,"column":46}},"8":{"start":{"line":21,"column":25},"end":{"line":33,"column":3}},"9":{"start":{"line":22,"column":4},"end":{"line":32,"column":5}},"10":{"start":{"line":23,"column":20},"end":{"line":23,"column":46}},"11":{"start":{"line":24,"column":6},"end":{"line":24,"column":36}},"12":{"start":{"line":26,"column":35},"end":{"line":26,"column":74}},"13":{"start":{"line":28,"column":6},"end":{"line":28,"column":41}},"14":{"start":{"line":30,"column":6},"end":{"line":30,"column":44}},"15":{"start":{"line":31,"column":6},"end":{"line":31,"column":24}},"16":{"start":{"line":35,"column":28},"end":{"line":43,"column":3}},"17":{"start":{"line":36,"column":4},"end":{"line":42,"column":5}},"18":{"start":{"line":37,"column":6},"end":{"line":37,"column":51}},"19":{"start":{"line":37,"column":37},"end":{"line":37,"column":48}},"20":{"start":{"line":38,"column":6},"end":{"line":38,"column":57}},"21":{"start":{"line":40,"column":6},"end":{"line":40,"column":46}},"22":{"start":{"line":41,"column":6},"end":{"line":41,"column":24}},"23":{"start":{"line":45,"column":2},"end":{"line":45,"column":37}},"24":{"start":{"line":45,"column":18},"end":{"line":45,"column":31}},"25":{"start":{"line":47,"column":2},"end":{"line":57,"column":4}}},"fnMap":{"0":{"name":"App","decl":{"start":{"line":7,"column":9},"end":{"line":7,"column":12}},"loc":{"start":{"line":7,"column":15},"end":{"line":58,"column":1}},"line":7},"1":{"name":"(anonymous_1)","decl":{"start":{"line":12,"column":22},"end":{"line":12,"column":23}},"loc":{"start":{"line":12,"column":34},"end":{"line":19,"column":3}},"line":12},"2":{"name":"(anonymous_2)","decl":{"start":{"line":21,"column":25},"end":{"line":21,"column":26}},"loc":{"start":{"line":21,"column":42},"end":{"line":33,"column":3}},"line":21},"3":{"name":"(anonymous_3)","decl":{"start":{"line":35,"column":28},"end":{"line":35,"column":29}},"loc":{"start":{"line":35,"column":45},"end":{"line":43,"column":3}},"line":35},"4":{"name":"(anonymous_4)","decl":{"start":{"line":37,"column":30},"end":{"line":37,"column":31}},"loc":{"start":{"line":37,"column":37},"end":{"line":37,"column":48}},"line":37},"5":{"name":"(anonymous_5)","decl":{"start":{"line":45,"column":12},"end":{"line":45,"column":13}},"loc":{"start":{"line":45,"column":18},"end":{"line":45,"column":31}},"line":45}},"branchMap":{"0":{"loc":{"start":{"line":50,"column":7},"end":{"line":54,"column":7}},"type":"binary-expr","locations":[{"start":{"line":50,"column":7},"end":{"line":50,"column":12}},{"start":{"line":51,"column":8},"end":{"line":53,"column":12}}],"line":50}},"s":{"0":33,"1":33,"2":33,"3":33,"4":9,"5":9,"6":8,"7":1,"8":33,"9":4,"10":4,"11":4,"12":4,"13":2,"14":2,"15":2,"16":33,"17":3,"18":3,"19":9,"20":3,"21":2,"22":2,"23":33,"24":9,"25":33},"f":{"0":33,"1":9,"2":4,"3":3,"4":9,"5":9},"b":{"0":[33,9]},"_coverageSchema":"1a1c01bbd47fc00a2c39e90264f33305004495a9","hash":"7fc298b8c522a6043efc393b622839fd73a5ac84"}
,"/app/src/components/Input.jsx": {"path":"/app/src/components/Input.jsx","statementMap":{"0":{"start":{"line":5,"column":2},"end":{"line":14,"column":4}}},"fnMap":{"0":{"name":"Input","decl":{"start":{"line":4,"column":9},"end":{"line":4,"column":14}},"loc":{"start":{"line":4,"column":59},"end":{"line":15,"column":1}},"line":4}},"branchMap":{},"s":{"0":37},"f":{"0":37},"b":{},"_coverageSchema":"1a1c01bbd47fc00a2c39e90264f33305004495a9","hash":"3804e7ba1918f8fb3854ef57e296355c1321dd3a"}
,"/app/src/components/MovieForm.jsx": {"path":"/app/src/components/MovieForm.jsx","statementMap":{"0":{"start":{"line":5,"column":28},"end":{"line":5,"column":40}},"1":{"start":{"line":7,"column":23},"end":{"line":7,"column":54}},"2":{"start":{"line":7,"column":30},"end":{"line":7,"column":54}},"3":{"start":{"line":9,"column":23},"end":{"line":16,"column":3}},"4":{"start":{"line":10,"column":4},"end":{"line":10,"column":23}},"5":{"start":{"line":12,"column":4},"end":{"line":12,"column":23}},"6":{"start":{"line":12,"column":16},"end":{"line":12,"column":23}},"7":{"start":{"line":14,"column":4},"end":{"line":14,"column":22}},"8":{"start":{"line":15,"column":4},"end":{"line":15,"column":17}},"9":{"start":{"line":18,"column":2},"end":{"line":28,"column":4}}},"fnMap":{"0":{"name":"MovieForm","decl":{"start":{"line":4,"column":9},"end":{"line":4,"column":18}},"loc":{"start":{"line":4,"column":35},"end":{"line":29,"column":1}},"line":4},"1":{"name":"(anonymous_1)","decl":{"start":{"line":7,"column":23},"end":{"line":7,"column":24}},"loc":{"start":{"line":7,"column":30},"end":{"line":7,"column":54}},"line":7},"2":{"name":"(anonymous_2)","decl":{"start":{"line":9,"column":23},"end":{"line":9,"column":24}},"loc":{"start":{"line":9,"column":30},"end":{"line":16,"column":3}},"line":9}},"branchMap":{"0":{"loc":{"start":{"line":12,"column":4},"end":{"line":12,"column":23}},"type":"if","locations":[{"start":{"line":12,"column":4},"end":{"line":12,"column":23}},{"start":{},"end":{}}],"line":12}},"s":{"0":37,"1":37,"2":4,"3":37,"4":4,"5":4,"6":0,"7":4,"8":4,"9":37},"f":{"0":37,"1":4,"2":4},"b":{"0":[0,4]},"_coverageSchema":"1a1c01bbd47fc00a2c39e90264f33305004495a9","hash":"2d702575abf2072f7671a6d445ec2055bf300e77"}
,"/app/src/components/MovieList.jsx": {"path":"/app/src/components/MovieList.jsx","statementMap":{"0":{"start":{"line":6,"column":2},"end":{"line":16,"column":4}},"1":{"start":{"line":9,"column":8},"end":{"line":13,"column":10}},"2":{"start":{"line":12,"column":31},"end":{"line":12,"column":51}}},"fnMap":{"0":{"name":"MovieList","decl":{"start":{"line":5,"column":9},"end":{"line":5,"column":18}},"loc":{"start":{"line":5,"column":46},"end":{"line":17,"column":1}},"line":5},"1":{"name":"(anonymous_1)","decl":{"start":{"line":8,"column":18},"end":{"line":8,"column":19}},"loc":{"start":{"line":9,"column":8},"end":{"line":13,"column":10}},"line":9},"2":{"name":"(anonymous_2)","decl":{"start":{"line":12,"column":25},"end":{"line":12,"column":26}},"loc":{"start":{"line":12,"column":31},"end":{"line":12,"column":51}},"line":12}},"branchMap":{},"s":{"0":33,"1":70,"2":3},"f":{"0":33,"1":70,"2":3},"b":{},"_coverageSchema":"1a1c01bbd47fc00a2c39e90264f33305004495a9","hash":"a9a384c493726285c55831c8031be14ae4e047af"}
,"/app/src/components/MovieListItem.jsx": {"path":"/app/src/components/MovieListItem.jsx","statementMap":{"0":{"start":{"line":5,"column":2},"end":{"line":12,"column":4}}},"fnMap":{"0":{"name":"Movie","decl":{"start":{"line":4,"column":9},"end":{"line":4,"column":14}},"loc":{"start":{"line":4,"column":41},"end":{"line":13,"column":1}},"line":4}},"branchMap":{},"s":{"0":70},"f":{"0":70},"b":{},"_coverageSchema":"1a1c01bbd47fc00a2c39e90264f33305004495a9","hash":"4ab27c09729d57bae6bf8fbc2f72f2c5f92eed09"}
,"/app/src/services/api.js": {"path":"/app/src/services/api.js","statementMap":{"0":{"start":{"line":3,"column":16},"end":{"line":3,"column":67}},"1":{"start":{"line":5,"column":12},"end":{"line":9,"column":1}},"2":{"start":{"line":6,"column":21},"end":{"line":6,"column":50}},"3":{"start":{"line":7,"column":30},"end":{"line":7,"column":66}},"4":{"start":{"line":8,"column":24},"end":{"line":8,"column":56}}},"fnMap":{"0":{"name":"(anonymous_0)","decl":{"start":{"line":6,"column":7},"end":{"line":6,"column":8}},"loc":{"start":{"line":6,"column":21},"end":{"line":6,"column":50}},"line":6},"1":{"name":"(anonymous_1)","decl":{"start":{"line":7,"column":10},"end":{"line":7,"column":11}},"loc":{"start":{"line":7,"column":30},"end":{"line":7,"column":66}},"line":7},"2":{"name":"(anonymous_2)","decl":{"start":{"line":8,"column":10},"end":{"line":8,"column":11}},"loc":{"start":{"line":8,"column":24},"end":{"line":8,"column":56}},"line":8}},"branchMap":{"0":{"loc":{"start":{"line":3,"column":16},"end":{"line":3,"column":67}},"type":"binary-expr","locations":[{"start":{"line":3,"column":16},"end":{"line":3,"column":36}},{"start":{"line":3,"column":40},"end":{"line":3,"column":67}}],"line":3}},"s":{"0":1,"1":1,"2":9,"3":4,"4":3},"f":{"0":9,"1":4,"2":3},"b":{"0":[1,1]},"_coverageSchema":"1a1c01bbd47fc00a2c39e90264f33305004495a9","hash":"9c2a7d34e9aeaa9bf44868c3951e2a4a883dfe14"}
}
