TN:
SF:src/index.js
FNF:0
FNH:0
DA:7,0
DA:17,0
LF:2
LH:0
BRF:0
BRH:0
end_of_record
TN:
SF:src/reportWebVitals.js
FN:1,(anonymous_0)
FN:3,(anonymous_1)
FNF:2
FNH:0
FNDA:0,(anonymous_0)
FNDA:0,(anonymous_1)
DA:1,0
DA:2,0
DA:3,0
DA:4,0
DA:5,0
DA:6,0
DA:7,0
DA:8,0
LF:8
LH:0
BRDA:2,0,0,0
BRDA:2,0,1,0
BRDA:2,1,0,0
BRDA:2,1,1,0
BRF:4
BRH:0
end_of_record
TN:
SF:src/components/App.jsx
FN:7,App
FN:12,(anonymous_1)
FN:21,(anonymous_2)
FN:35,(anonymous_3)
FN:37,(anonymous_4)
FN:45,(anonymous_5)
FNF:6
FNH:6
FNDA:33,App
FNDA:9,(anonymous_1)
FNDA:4,(anonymous_2)
FNDA:3,(anonymous_3)
FNDA:9,(anonymous_4)
FNDA:9,(anonymous_5)
DA:8,33
DA:9,33
DA:10,33
DA:12,33
DA:13,9
DA:14,9
DA:15,8
DA:17,1
DA:21,33
DA:22,4
DA:23,4
DA:24,4
DA:26,4
DA:28,2
DA:30,2
DA:31,2
DA:35,33
DA:36,3
DA:37,9
DA:38,3
DA:40,2
DA:41,2
DA:45,33
DA:47,33
LF:24
LH:24
BRDA:50,0,0,33
BRDA:50,0,1,9
BRF:2
BRH:2
end_of_record
TN:
SF:src/components/Input.jsx
FN:4,Input
FNF:1
FNH:1
FNDA:37,Input
DA:5,37
LF:1
LH:1
BRF:0
BRH:0
end_of_record
TN:
SF:src/components/MovieForm.jsx
FN:4,MovieForm
FN:7,(anonymous_1)
FN:9,(anonymous_2)
FNF:3
FNH:3
FNDA:37,MovieForm
FNDA:4,(anonymous_1)
FNDA:4,(anonymous_2)
DA:5,37
DA:7,37
DA:9,37
DA:10,4
DA:12,4
DA:14,4
DA:15,4
DA:18,37
LF:8
LH:8
BRDA:12,0,0,0
BRDA:12,0,1,4
BRF:2
BRH:1
end_of_record
TN:
SF:src/components/MovieList.jsx
FN:5,MovieList
FN:8,(anonymous_1)
FN:12,(anonymous_2)
FNF:3
FNH:3
FNDA:33,MovieList
FNDA:70,(anonymous_1)
FNDA:3,(anonymous_2)
DA:6,33
DA:9,70
DA:12,3
LF:3
LH:3
BRF:0
BRH:0
end_of_record
TN:
SF:src/components/MovieListItem.jsx
FN:4,Movie
FNF:1
FNH:1
FNDA:70,Movie
DA:5,70
LF:1
LH:1
BRF:0
BRH:0
end_of_record
TN:
SF:src/services/api.js
FN:6,(anonymous_0)
FN:7,(anonymous_1)
FN:8,(anonymous_2)
FNF:3
FNH:3
FNDA:9,(anonymous_0)
FNDA:4,(anonymous_1)
FNDA:3,(anonymous_2)
DA:3,1
DA:5,1
DA:6,9
DA:7,4
DA:8,3
LF:5
LH:5
BRDA:3,0,0,1
BRDA:3,0,1,1
BRF:2
BRH:2
end_of_record
